<?xml version="1.0" encoding="UTF-8"?>
<!-- Generated by org.testng.reporters.JUnitReportReporter -->
<testsuite hostname="DESKTOP-1HIRG0U" failures="0" tests="1" name="com.nitara.MSG91.MSG91CheckBalance" time="2.116" errors="0" timestamp="2023-01-23T01:12:17 IST" skipped="0">
  <testcase classname="com.nitara.MSG91.MSG91CheckBalance" name="msg91CheckBalance" time="2.116"/>
  <system-out/>
</testsuite> <!-- com.nitara.MSG91.MSG91CheckBalance -->
